<?xml version="1.0" encoding="UTF-8"?>
<!-- Generated by org.testng.reporters.JUnitReportReporter -->
<testsuite skipped="0" hostname="Users-Device.home" name="com.cognizant.testcases.SimpleLinksTest" tests="1" failures="0" timestamp="11 May 2020 17:08:55 GMT" time="21.445" errors="0">
  <testcase name="validateLink" time="21.445" classname="com.cognizant.testcases.SimpleLinksTest"/>
</testsuite> <!-- com.cognizant.testcases.SimpleLinksTest -->
