<?xml version="1.0" encoding="UTF-8"?>
<!-- Generated by org.testng.reporters.JUnitReportReporter -->
<testsuite skipped="0" hostname="Users-Device.home" name="com.cognizant.testcases.KeyPressesTest" tests="1" failures="0" timestamp="05 May 2020 14:41:36 GMT" time="15.817" errors="0">
  <testcase name="keyPressesTest" time="15.817" classname="com.cognizant.testcases.KeyPressesTest"/>
</testsuite> <!-- com.cognizant.testcases.KeyPressesTest -->
