<?xml version="1.0" encoding="UTF-8"?>
<!-- Generated by org.testng.reporters.JUnitReportReporter -->
<testsuite skipped="0" hostname="Users-Device.home" name="com.cognizant.testcases.NoJSLinksTest" tests="1" failures="0" timestamp="07 May 2020 01:22:37 GMT" time="7.212" errors="0">
  <testcase name="validateLinkNoJS" time="7.212" classname="com.cognizant.testcases.NoJSLinksTest"/>
</testsuite> <!-- com.cognizant.testcases.NoJSLinksTest -->
