<?xml version="1.0" encoding="UTF-8"?>
<!-- Generated by org.testng.reporters.JUnitReportReporter -->
<testsuite skipped="1" hostname="Users-Device.home" name="com.cognizant.testcases.NoJSLinksTest" tests="1" failures="0" timestamp="11 May 2020 17:08:55 GMT" time="3.388" errors="0">
  <testcase name="validateLinkNoJS" time="3.388" classname="com.cognizant.testcases.NoJSLinksTest">
    <skipped/>
  </testcase> <!-- validateLinkNoJS -->
</testsuite> <!-- com.cognizant.testcases.NoJSLinksTest -->
