<?xml version="1.0" encoding="UTF-8"?>
<!-- Generated by org.testng.reporters.JUnitReportReporter -->
<testsuite skipped="0" hostname="Users-Device.home" name="com.cognizant.testcases.SimpleLinksTest" tests="1" failures="0" timestamp="07 May 2020 01:22:37 GMT" time="9.673" errors="0">
  <testcase name="validateLink" time="9.673" classname="com.cognizant.testcases.SimpleLinksTest"/>
</testsuite> <!-- com.cognizant.testcases.SimpleLinksTest -->
