<?xml version="1.0" encoding="UTF-8"?>
<!-- Generated by org.testng.reporters.JUnitReportReporter -->
<testsuite skipped="0" hostname="Users-Device.home" name="com.cognizant.testcases.NoJSLinksTest" tests="1" failures="0" timestamp="07 May 2020 16:20:14 GMT" time="6.599" errors="0">
  <testcase name="validateLinkNoJS" time="6.599" classname="com.cognizant.testcases.NoJSLinksTest"/>
</testsuite> <!-- com.cognizant.testcases.NoJSLinksTest -->
